Started at Fri Dec 02 15:36:48 UTC 2022
Processing pipelinejob
Offering pipelinejob to Project Build Discarder
Finished at Fri Dec 02 15:36:48 UTC 2022. 12ms
Started at Fri Dec 02 16:36:48 UTC 2022
Processing pipelinejob
Offering pipelinejob to Project Build Discarder
Finished at Fri Dec 02 16:36:48 UTC 2022. 7ms
Started at Fri Dec 02 17:36:48 UTC 2022
Processing pipelinejob
Offering pipelinejob to Project Build Discarder
Finished at Fri Dec 02 17:36:48 UTC 2022. 1ms
Started at Fri Dec 02 18:36:48 UTC 2022
Processing pipelinejob
Offering pipelinejob to Project Build Discarder
Finished at Fri Dec 02 18:36:48 UTC 2022. 3ms
Started at Fri Dec 02 19:36:48 UTC 2022
Processing pipelinejob
Offering pipelinejob to Project Build Discarder
Finished at Fri Dec 02 19:36:48 UTC 2022. 1ms
Started at Fri Dec 02 20:36:48 UTC 2022
Processing pipelinejob
Offering pipelinejob to Project Build Discarder
Finished at Fri Dec 02 20:36:48 UTC 2022. 0ms
Started at Fri Dec 02 21:36:48 UTC 2022
Processing pipelinejob
Offering pipelinejob to Project Build Discarder
Finished at Fri Dec 02 21:36:48 UTC 2022. 0ms
Started at Fri Dec 02 22:36:48 UTC 2022
Processing pipelinejob
Offering pipelinejob to Project Build Discarder
Finished at Fri Dec 02 22:36:48 UTC 2022. 0ms
Started at Fri Dec 02 23:36:48 UTC 2022
Processing pipelinejob
Offering pipelinejob to Project Build Discarder
Finished at Fri Dec 02 23:36:48 UTC 2022. 1ms
Started at Sat Dec 03 00:36:48 UTC 2022
Processing pipelinejob
Offering pipelinejob to Project Build Discarder
Finished at Sat Dec 03 00:36:48 UTC 2022. 0ms
Started at Sat Dec 03 01:36:48 UTC 2022
Processing pipelinejob
Offering pipelinejob to Project Build Discarder
Finished at Sat Dec 03 01:36:48 UTC 2022. 3ms
Started at Sat Dec 03 02:36:48 UTC 2022
Processing pipelinejob
Offering pipelinejob to Project Build Discarder
Finished at Sat Dec 03 02:36:48 UTC 2022. 0ms
